<?xml version="1.0" encoding="UTF-8"?>
<testng-results ignored="0" total="1" passed="1" failed="0" skipped="0">
  <reporter-output>
  </reporter-output>
  <suite started-at="2025-09-13T19:06:07 IST" name="Suite" finished-at="2025-09-13T19:06:17 IST" duration-ms="9947">
    <groups>
    </groups>
    <test started-at="2025-09-13T19:06:07 IST" name="Test" finished-at="2025-09-13T19:06:17 IST" duration-ms="9947">
      <class name="com.qa.testscript.LoginTest">
        <test-method is-config="true" signature="setUp()[pri:0, instance:com.qa.testscript.LoginTest@525575]" started-at="2025-09-13T19:06:07 IST" name="setUp" finished-at="2025-09-13T19:06:15 IST" duration-ms="7787" status="PASS">
          <reporter-output>
          </reporter-output>
        </test-method> <!-- setUp -->
        <test-method signature="testValidLogin()[pri:0, instance:com.qa.testscript.LoginTest@525575]" started-at="2025-09-13T19:06:15 IST" name="testValidLogin" finished-at="2025-09-13T19:06:17 IST" duration-ms="1961" status="PASS">
          <reporter-output>
          </reporter-output>
        </test-method> <!-- testValidLogin -->
      </class> <!-- com.qa.testscript.LoginTest -->
    </test> <!-- Test -->
  </suite> <!-- Suite -->
</testng-results>
